<?xml version="1.0" encoding="UTF-8"?>
<testng-results skipped="0" failed="0" ignored="0" total="1" passed="1">
  <reporter-output>
  </reporter-output>
  <suite name="Default suite" duration-ms="12586" started-at="2019-04-25T21:15:47Z" finished-at="2019-04-25T21:16:00Z">
    <groups>
    </groups>
    <test name="Default test" duration-ms="12586" started-at="2019-04-25T21:15:47Z" finished-at="2019-04-25T21:16:00Z">
      <class name="TestRunner.TC001_LoginPage">
        <test-method status="PASS" signature="OpeBrowser()[pri:0, instance:TestRunner.TC001_LoginPage@26653222]" name="OpeBrowser" duration-ms="12549" started-at="2019-04-25T16:15:47Z" finished-at="2019-04-25T16:16:00Z">
          <reporter-output>
          </reporter-output>
        </test-method> <!-- OpeBrowser -->
      </class> <!-- TestRunner.TC001_LoginPage -->
    </test> <!-- Default test -->
  </suite> <!-- Default suite -->
</testng-results>
