<?xml version="1.0" encoding="UTF-8"?>
<testng-results skipped="0" failed="0" ignored="0" total="1" passed="1">
  <reporter-output>
  </reporter-output>
  <suite name="Default suite" duration-ms="12581" started-at="2018-05-16T15:54:36Z" finished-at="2018-05-16T15:54:48Z">
    <groups>
      <group name="cucumber">
        <method signature="AbstractTestNGCucumberTests.feature(cucumber.api.testng.CucumberFeatureWrapper)[pri:0, instance:TestRunner.TC002_Logout@146ba0ac]" name="feature" class="cucumber.api.testng.AbstractTestNGCucumberTests"/>
      </group> <!-- cucumber -->
    </groups>
    <test name="Default test" duration-ms="12581" started-at="2018-05-16T15:54:36Z" finished-at="2018-05-16T15:54:48Z">
      <class name="TestRunner.TC002_Logout">
        <test-method status="PASS" signature="setUpClass()[pri:0, instance:TestRunner.TC002_Logout@146ba0ac]" name="setUpClass" is-config="true" duration-ms="948" started-at="2018-05-16T11:54:36Z" finished-at="2018-05-16T11:54:37Z">
          <reporter-output>
          </reporter-output>
        </test-method> <!-- setUpClass -->
        <test-method status="PASS" signature="feature(cucumber.api.testng.CucumberFeatureWrapper)[pri:0, instance:TestRunner.TC002_Logout@146ba0ac]" name="feature" duration-ms="11222" started-at="2018-05-16T11:54:37Z" description="Runs Cucumber Feature" data-provider="features" finished-at="2018-05-16T11:54:48Z">
          <params>
            <param index="0">
              <value>
                <![CDATA[Admin LoginTo HRM home page]]>
              </value>
            </param>
          </params>
          <reporter-output>
          </reporter-output>
        </test-method> <!-- feature -->
        <test-method status="PASS" signature="tearDownClass()[pri:0, instance:TestRunner.TC002_Logout@146ba0ac]" name="tearDownClass" is-config="true" duration-ms="8" started-at="2018-05-16T11:54:48Z" finished-at="2018-05-16T11:54:48Z">
          <reporter-output>
          </reporter-output>
        </test-method> <!-- tearDownClass -->
      </class> <!-- TestRunner.TC002_Logout -->
    </test> <!-- Default test -->
  </suite> <!-- Default suite -->
</testng-results>
